#-----------------------------------------------------------
# xsim v2018.3 (64-bit)
# SW Build 2405991 on Thu Dec  6 23:36:41 MST 2018
# IP Build 2404404 on Fri Dec  7 01:43:56 MST 2018
# Start of session at: Wed Nov  6 18:12:43 2019
# Process ID: 24874
# Current directory: /home/nhsmt1123/Documents/cpu/fpu/fsqrt
# Command line: xsim -mode tcl -source {xsim.dir/test_fsqrt.sim/xsim_script.tcl}
# Log file: /home/nhsmt1123/Documents/cpu/fpu/fsqrt/xsim.log
# Journal file: /home/nhsmt1123/Documents/cpu/fpu/fsqrt/xsim.jou
#-----------------------------------------------------------
source xsim.dir/test_fsqrt.sim/xsim_script.tcl
# xsim {test_fsqrt.sim} -autoloadwcfg -runall
Vivado Simulator 2018.3
Time resolution is 100 ps
run -all
start of checking module fsqrt
difference message format
x  = [input 1(bit)], [exponent 1(decimal)], [x(float)]
ref. : result(float) sign(bit),exponent(decimal),mantissa(bit) overflow(bit)
fsqrt : result(float) sign(bit),exponent(decimal),mantissa(bit) overflow(bit)
INFO: [Common 17-41] Interrupt caught. Command should exit soon.
run: Time (s): cpu = 00:00:00.01 ; elapsed = 00:00:08 . Memory (MB): peak = 1423.004 ; gain = 8.004 ; free physical = 3233 ; free virtual = 9506
INFO: [Common 17-344] 'run' was cancelled
exit
INFO: [Common 17-206] Exiting xsim at Wed Nov  6 18:12:59 2019...
