#-----------------------------------------------------------
# xsim v2018.3 (64-bit)
# SW Build 2405991 on Thu Dec  6 23:36:41 MST 2018
# IP Build 2404404 on Fri Dec  7 01:43:56 MST 2018
# Start of session at: Sat Jun  8 02:01:56 2019
# Process ID: 23553
# Current directory: /home/tansei/Desktop/hw/0606/0606-1
# Command line: xsim -mode tcl -source {xsim.dir/test_fadd.sim/xsim_script.tcl}
# Log file: /home/tansei/Desktop/hw/0606/0606-1/xsim.log
# Journal file: /home/tansei/Desktop/hw/0606/0606-1/xsim.jou
#-----------------------------------------------------------
source xsim.dir/test_fadd.sim/xsim_script.tcl
# xsim {test_fadd.sim} -autoloadwcfg -runall
Vivado Simulator 2018.3
Time resolution is 100 ps
run -all
start of checking module fadd
difference message format
x1 = [input 1(bit)], [exponent 1(decimal)]
x2 = [input 2(bit)], [exponent 2(decimal)]
ref. : result(float) sign(bit),exponent(decimal),mantissa(bit) overflow(bit)
fadd : result(float) sign(bit),exponent(decimal),mantissa(bit) overflow(bit)
end of checking module fadd
$finish called at time : 52898 us : File "/home/tansei/Desktop/hw/0606/0606-1/test_fadd.sv" Line 159
run: Time (s): cpu = 00:00:00.06 ; elapsed = 00:01:58 . Memory (MB): peak = 1408.059 ; gain = 0.000 ; free physical = 831 ; free virtual = 23572
exit
INFO: [Common 17-206] Exiting xsim at Sat Jun  8 02:04:00 2019...
