#-----------------------------------------------------------
# xsim v2018.3 (64-bit)
# SW Build 2405991 on Thu Dec  6 23:36:41 MST 2018
# IP Build 2404404 on Fri Dec  7 01:43:56 MST 2018
# Start of session at: Wed Oct 16 02:22:59 2019
# Process ID: 25460
# Current directory: /home/nhsmt1123/Documents/cpu/fpu/fmul
# Command line: xsim -mode tcl -source {xsim.dir/test_fmul.sim/xsim_script.tcl}
# Log file: /home/nhsmt1123/Documents/cpu/fpu/fmul/xsim.log
# Journal file: /home/nhsmt1123/Documents/cpu/fpu/fmul/xsim.jou
#-----------------------------------------------------------
source xsim.dir/test_fmul.sim/xsim_script.tcl
# xsim {test_fmul.sim} -autoloadwcfg -runall
Vivado Simulator 2018.3
Time resolution is 100 ps
run -all
start of checking module fmul
difference message format
x1 = [input 1(bit)], [exponent 1(decimal)], [x1(float)]
x2 = [input 2(bit)], [exponent 2(decimal)], [x2(float)]
ref. : result(float) sign(bit),exponent(decimal),mantissa(bit) overflow(bit)
fmul : result(float) sign(bit),exponent(decimal),mantissa(bit) overflow(bit)
end of checking module fmul
$finish called at time : 52898 us : File "/home/nhsmt1123/Documents/cpu/fpu/fmul/test_fmul.sv" Line 160
run: Time (s): cpu = 00:00:00.22 ; elapsed = 00:02:51 . Memory (MB): peak = 1415.000 ; gain = 0.000 ; free physical = 4249 ; free virtual = 12712
exit
INFO: [Common 17-206] Exiting xsim at Wed Oct 16 02:25:58 2019...
