#-----------------------------------------------------------
# xsim v2018.3 (64-bit)
# SW Build 2405991 on Thu Dec  6 23:36:41 MST 2018
# IP Build 2404404 on Fri Dec  7 01:43:56 MST 2018
# Start of session at: Fri Oct  4 14:06:58 2019
# Process ID: 17231
# Current directory: /home/nhsmt1123/Documents/cpu/fpu/fmul
# Command line: xsim -mode tcl -source {xsim.dir/test_fmul.sim/xsim_script.tcl}
# Log file: /home/nhsmt1123/Documents/cpu/fpu/fmul/xsim.log
# Journal file: /home/nhsmt1123/Documents/cpu/fpu/fmul/xsim.jou
#-----------------------------------------------------------
source xsim.dir/test_fmul.sim/xsim_script.tcl
# xsim {test_fmul.sim} -autoloadwcfg -runall
Vivado Simulator 2018.3
Time resolution is 100 ps
run -all
start of checking module fmul
difference message format
x1 = [input 1(bit)], [exponent 1(decimal)], [x1(float)]
x2 = [input 2(bit)], [exponent 2(decimal)], [x2(float)]
ref. : result(float) sign(bit),exponent(decimal),mantissa(bit) overflow(bit)
fmul : result(float) sign(bit),exponent(decimal),mantissa(bit) overflow(bit)
end of checking module fmul
$finish called at time : 52898 us : File "/home/nhsmt1123/Documents/cpu/fpu/fmul/test_fmul.sv" Line 160
run: Time (s): cpu = 00:00:00.09 ; elapsed = 00:02:27 . Memory (MB): peak = 1414.996 ; gain = 0.000 ; free physical = 2006 ; free virtual = 10437
exit
INFO: [Common 17-206] Exiting xsim at Fri Oct  4 14:09:30 2019...
