#-----------------------------------------------------------
# xsim v2018.3 (64-bit)
# SW Build 2405991 on Thu Dec  6 23:36:41 MST 2018
# IP Build 2404404 on Fri Dec  7 01:43:56 MST 2018
# Start of session at: Tue Oct 15 14:25:15 2019
# Process ID: 4927
# Current directory: /home/nhsmt1123/Documents/cpu/fpu/fdiv
# Command line: xsim -mode tcl -source {xsim.dir/test_fdiv.sim/xsim_script.tcl}
# Log file: /home/nhsmt1123/Documents/cpu/fpu/fdiv/xsim.log
# Journal file: /home/nhsmt1123/Documents/cpu/fpu/fdiv/xsim.jou
#-----------------------------------------------------------
source xsim.dir/test_fdiv.sim/xsim_script.tcl
# xsim {test_fdiv.sim} -autoloadwcfg -runall
Vivado Simulator 2018.3
Time resolution is 100 ps
run -all
start of checking module fdiv
difference message format
x1 = [input 1(bit)], [exponent 1(decimal)], [x1(float)]
x2 = [input 2(bit)], [exponent 2(decimal)], [x2(float)]
ref. : result(float) sign(bit),exponent(decimal),mantissa(bit) overflow(bit)
fdiv : result(float) sign(bit),exponent(decimal),mantissa(bit) overflow(bit)
end of checking module fdiv
$finish called at time : 52898 us : File "/home/nhsmt1123/Documents/cpu/fpu/fdiv/test_fdiv.sv" Line 161
run: Time (s): cpu = 00:00:00.13 ; elapsed = 00:03:38 . Memory (MB): peak = 1415.000 ; gain = 0.000 ; free physical = 4720 ; free virtual = 13161
exit
INFO: [Common 17-206] Exiting xsim at Tue Oct 15 14:28:57 2019...
