#-----------------------------------------------------------
# xsim v2018.3 (64-bit)
# SW Build 2405991 on Thu Dec  6 23:36:41 MST 2018
# IP Build 2404404 on Fri Dec  7 01:43:56 MST 2018
# Start of session at: Mon Oct  7 00:41:31 2019
# Process ID: 494
# Current directory: /home/nhsmt1123/Documents/cpu/fpu/fsub
# Command line: xsim -mode tcl -source {xsim.dir/test_fsub.sim/xsim_script.tcl}
# Log file: /home/nhsmt1123/Documents/cpu/fpu/fsub/xsim.log
# Journal file: /home/nhsmt1123/Documents/cpu/fpu/fsub/xsim.jou
#-----------------------------------------------------------
source xsim.dir/test_fsub.sim/xsim_script.tcl
# xsim {test_fsub.sim} -autoloadwcfg -runall
Vivado Simulator 2018.3
Time resolution is 100 ps
run -all
start of checking module fsub
difference message format
x1 = [input 1(bit)], [exponent 1(decimal)]
x2 = [input 2(bit)], [exponent 2(decimal)]
ref. : result(float) sign(bit),exponent(decimal),mantissa(bit) overflow(bit)
fsub : result(float) sign(bit),exponent(decimal),mantissa(bit) overflow(bit)
x1 = 0 11111111 00000000000000000000001, 255
x2 = 0 11111111 00000000000000000000010, 255
nan 0,255,10000000000000000000001 0
nan 0,255,10000000000000000000010 0

x1 = 0 11111111 00000000000000000000001, 255
x2 = 0 11111111 01110000000000000000000, 255
nan 0,255,10000000000000000000001 0
nan 0,255,11110000000000000000000 0

x1 = 0 11111111 00000000000000000000001, 255
x2 = 0 11111111 10000000000000000000000, 255
nan 0,255,10000000000000000000001 0
nan 0,255,10000000000000000000000 0

x1 = 0 11111111 00000000000000000000001, 255
x2 = 0 11111111 10111111111111111111111, 255
nan 0,255,10000000000000000000001 0
nan 0,255,10111111111111111111111 0

x1 = 0 11111111 00000000000000000000001, 255
x2 = 0 11111111 11111111111111111111111, 255
nan 0,255,10000000000000000000001 0
nan 0,255,11111111111111111111111 0

x1 = 0 11111111 00000000000000000000001, 255
x2 = 0 11111111 00110000101111111100101, 255
nan 0,255,10000000000000000000001 0
nan 0,255,10110000101111111100101 0

x1 = 0 11111111 00000000000000000000001, 255
x2 = 0 11111111 00000000110011001110010, 255
nan 0,255,10000000000000000000001 0
nan 0,255,10000000110011001110010 0

x1 = 0 11111111 00000000000000000000001, 255
x2 = 0 11111111 00111111110001101000110, 255
nan 0,255,10000000000000000000001 0
nan 0,255,10111111110001101000110 0

x1 = 0 11111111 00000000000000000000010, 255
x2 = 0 11111111 00000000000000000000001, 255
nan 0,255,10000000000000000000010 0
nan 0,255,10000000000000000000001 0

x1 = 0 11111111 00000000000000000000010, 255
x2 = 0 11111111 01110000000000000000000, 255
nan 0,255,10000000000000000000010 0
nan 0,255,11110000000000000000000 0

x1 = 0 11111111 00000000000000000000010, 255
x2 = 0 11111111 10000000000000000000000, 255
nan 0,255,10000000000000000000010 0
nan 0,255,10000000000000000000000 0

x1 = 0 11111111 00000000000000000000010, 255
x2 = 0 11111111 10111111111111111111111, 255
nan 0,255,10000000000000000000010 0
nan 0,255,10111111111111111111111 0

x1 = 0 11111111 00000000000000000000010, 255
x2 = 0 11111111 11111111111111111111111, 255
nan 0,255,10000000000000000000010 0
nan 0,255,11111111111111111111111 0

x1 = 0 11111111 00000000000000000000010, 255
x2 = 0 11111111 00110111011001001011011, 255
nan 0,255,10000000000000000000010 0
nan 0,255,10110111011001001011011 0

x1 = 0 11111111 00000000000000000000010, 255
x2 = 0 11111111 00010010001101011100110, 255
nan 0,255,10000000000000000000010 0
nan 0,255,10010010001101011100110 0

x1 = 0 11111111 00000000000000000000010, 255
x2 = 0 11111111 00001000101010111111011, 255
nan 0,255,10000000000000000000010 0
nan 0,255,10001000101010111111011 0

x1 = 0 11111111 01110000000000000000000, 255
x2 = 0 11111111 00000000000000000000001, 255
nan 0,255,11110000000000000000000 0
nan 0,255,10000000000000000000001 0

x1 = 0 11111111 01110000000000000000000, 255
x2 = 0 11111111 00000000000000000000010, 255
nan 0,255,11110000000000000000000 0
nan 0,255,10000000000000000000010 0

x1 = 0 11111111 01110000000000000000000, 255
x2 = 0 11111111 10000000000000000000000, 255
nan 0,255,11110000000000000000000 0
nan 0,255,10000000000000000000000 0

x1 = 0 11111111 01110000000000000000000, 255
x2 = 0 11111111 10111111111111111111111, 255
nan 0,255,11110000000000000000000 0
nan 0,255,10111111111111111111111 0

x1 = 0 11111111 01110000000000000000000, 255
x2 = 0 11111111 11111111111111111111111, 255
nan 0,255,11110000000000000000000 0
nan 0,255,11111111111111111111111 0

x1 = 0 11111111 01110000000000000000000, 255
x2 = 0 11111111 00101111011101111111110, 255
nan 0,255,11110000000000000000000 0
nan 0,255,10101111011101111111110 0

x1 = 0 11111111 01110000000000000000000, 255
x2 = 0 11111111 01000010111101011001011, 255
nan 0,255,11110000000000000000000 0
nan 0,255,11000010111101011001011 0

x1 = 0 11111111 01110000000000000000000, 255
x2 = 0 11111111 01001001011110001101110, 255
nan 0,255,11110000000000000000000 0
nan 0,255,11001001011110001101110 0

x1 = 0 11111111 10000000000000000000000, 255
x2 = 0 11111111 00000000000000000000001, 255
nan 0,255,10000000000000000000000 0
nan 0,255,10000000000000000000001 0

x1 = 0 11111111 10000000000000000000000, 255
x2 = 0 11111111 00000000000000000000010, 255
nan 0,255,10000000000000000000000 0
nan 0,255,10000000000000000000010 0

x1 = 0 11111111 10000000000000000000000, 255
x2 = 0 11111111 01110000000000000000000, 255
nan 0,255,10000000000000000000000 0
nan 0,255,11110000000000000000000 0

x1 = 0 11111111 10000000000000000000000, 255
x2 = 0 11111111 10111111111111111111111, 255
nan 0,255,10000000000000000000000 0
nan 0,255,10111111111111111111111 0

x1 = 0 11111111 10000000000000000000000, 255
x2 = 0 11111111 11111111111111111111111, 255
nan 0,255,10000000000000000000000 0
nan 0,255,11111111111111111111111 0

x1 = 0 11111111 10000000000000000000000, 255
x2 = 0 11111111 00101111001111101000100, 255
nan 0,255,10000000000000000000000 0
nan 0,255,10101111001111101000100 0

x1 = 0 11111111 10000000000000000000000, 255
x2 = 0 11111111 00111010010110100100111, 255
nan 0,255,10000000000000000000000 0
nan 0,255,10111010010110100100111 0

x1 = 0 11111111 10000000000000000000000, 255
x2 = 0 11111111 00011011101011101010100, 255
nan 0,255,10000000000000000000000 0
nan 0,255,10011011101011101010100 0

x1 = 0 11111111 10111111111111111111111, 255
x2 = 0 11111111 00000000000000000000001, 255
nan 0,255,10111111111111111111111 0
nan 0,255,10000000000000000000001 0

x1 = 0 11111111 10111111111111111111111, 255
x2 = 0 11111111 00000000000000000000010, 255
nan 0,255,10111111111111111111111 0
nan 0,255,10000000000000000000010 0

x1 = 0 11111111 10111111111111111111111, 255
x2 = 0 11111111 01110000000000000000000, 255
nan 0,255,10111111111111111111111 0
nan 0,255,11110000000000000000000 0

x1 = 0 11111111 10111111111111111111111, 255
x2 = 0 11111111 10000000000000000000000, 255
nan 0,255,10111111111111111111111 0
nan 0,255,10000000000000000000000 0

x1 = 0 11111111 10111111111111111111111, 255
x2 = 0 11111111 11111111111111111111111, 255
nan 0,255,10111111111111111111111 0
nan 0,255,11111111111111111111111 0

x1 = 0 11111111 10111111111111111111111, 255
x2 = 0 11111111 00110111111010101000000, 255
nan 0,255,10111111111111111111111 0
nan 0,255,10110111111010101000000 0

x1 = 0 11111111 10111111111111111111111, 255
x2 = 0 11111111 00101001110100100100110, 255
nan 0,255,10111111111111111111111 0
nan 0,255,10101001110100100100110 0

x1 = 0 11111111 10111111111111111111111, 255
x2 = 0 11111111 00011110101001000011111, 255
nan 0,255,10111111111111111111111 0
nan 0,255,10011110101001000011111 0

x1 = 0 11111111 11111111111111111111111, 255
x2 = 0 11111111 00000000000000000000001, 255
nan 0,255,11111111111111111111111 0
nan 0,255,10000000000000000000001 0

x1 = 0 11111111 11111111111111111111111, 255
x2 = 0 11111111 00000000000000000000010, 255
nan 0,255,11111111111111111111111 0
nan 0,255,10000000000000000000010 0

x1 = 0 11111111 11111111111111111111111, 255
x2 = 0 11111111 01110000000000000000000, 255
nan 0,255,11111111111111111111111 0
nan 0,255,11110000000000000000000 0

x1 = 0 11111111 11111111111111111111111, 255
x2 = 0 11111111 10000000000000000000000, 255
nan 0,255,11111111111111111111111 0
nan 0,255,10000000000000000000000 0

x1 = 0 11111111 11111111111111111111111, 255
x2 = 0 11111111 10111111111111111111111, 255
nan 0,255,11111111111111111111111 0
nan 0,255,10111111111111111111111 0

x1 = 0 11111111 11111111111111111111111, 255
x2 = 0 11111111 00000001011000110101110, 255
nan 0,255,11111111111111111111111 0
nan 0,255,10000001011000110101110 0

x1 = 0 11111111 11111111111111111111111, 255
x2 = 0 11111111 00011001000100001101010, 255
nan 0,255,11111111111111111111111 0
nan 0,255,10011001000100001101010 0

x1 = 0 11111111 11111111111111111111111, 255
x2 = 0 11111111 01011000111111101000111, 255
nan 0,255,11111111111111111111111 0
nan 0,255,11011000111111101000111 0

x1 = 0 11111111 01010000111110110101011, 255
x2 = 0 11111111 00000000000000000000001, 255
nan 0,255,11010000111110110101011 0
nan 0,255,10000000000000000000001 0

x1 = 0 11111111 00000010110100001101101, 255
x2 = 0 11111111 00000000000000000000010, 255
nan 0,255,10000010110100001101101 0
nan 0,255,10000000000000000000010 0

x1 = 0 11111111 00111011101101100100010, 255
x2 = 0 11111111 01110000000000000000000, 255
nan 0,255,10111011101101100100010 0
nan 0,255,11110000000000000000000 0

x1 = 0 11111111 00010010010111101011001, 255
x2 = 0 11111111 10000000000000000000000, 255
nan 0,255,10010010010111101011001 0
nan 0,255,10000000000000000000000 0

x1 = 0 11111111 01011011111000011011000, 255
x2 = 0 11111111 10111111111111111111111, 255
nan 0,255,11011011111000011011000 0
nan 0,255,10111111111111111111111 0

x1 = 0 11111111 00010100101101001101001, 255
x2 = 0 11111111 11111111111111111111111, 255
nan 0,255,10010100101101001101001 0
nan 0,255,11111111111111111111111 0

x1 = 0 11111111 00101111011100001011100, 255
x2 = 0 11111111 00101100110111010000011, 255
nan 0,255,10101111011100001011100 0
nan 0,255,10101100110111010000011 0

x1 = 0 11111111 01010111100001011010111, 255
x2 = 0 11111111 00101011001001101111110, 255
nan 0,255,11010111100001011010111 0
nan 0,255,10101011001001101111110 0

x1 = 0 11111111 00111111001110111011100, 255
x2 = 0 11111111 00110011011001110101111, 255
nan 0,255,10111111001110111011100 0
nan 0,255,10110011011001110101111 0

x1 = 0 11111111 00101110101011000111001, 255
x2 = 0 11111111 00000000000000000000001, 255
nan 0,255,10101110101011000111001 0
nan 0,255,10000000000000000000001 0

x1 = 0 11111111 00100000010001000110011, 255
x2 = 0 11111111 00000000000000000000010, 255
nan 0,255,10100000010001000110011 0
nan 0,255,10000000000000000000010 0

x1 = 0 11111111 00010111011000011000000, 255
x2 = 0 11111111 01110000000000000000000, 255
nan 0,255,10010111011000011000000 0
nan 0,255,11110000000000000000000 0

x1 = 0 11111111 01011001110100110111000, 255
x2 = 0 11111111 10000000000000000000000, 255
nan 0,255,11011001110100110111000 0
nan 0,255,10000000000000000000000 0

x1 = 0 11111111 00011111100000000001111, 255
x2 = 0 11111111 10111111111111111111111, 255
nan 0,255,10011111100000000001111 0
nan 0,255,10111111111111111111111 0

x1 = 0 11111111 00001010110010001110000, 255
x2 = 0 11111111 11111111111111111111111, 255
nan 0,255,10001010110010001110000 0
nan 0,255,11111111111111111111111 0

x1 = 0 11111111 00011001101011110100000, 255
x2 = 0 11111111 00001110001011001001001, 255
nan 0,255,10011001101011110100000 0
nan 0,255,10001110001011001001001 0

x1 = 0 11111111 00101011000011010100011, 255
x2 = 0 11111111 00110001000100001100001, 255
nan 0,255,10101011000011010100011 0
nan 0,255,10110001000100001100001 0

x1 = 0 11111111 00101000000000000000001, 255
x2 = 0 11111111 01001010100011010110011, 255
nan 0,255,10101000000000000000001 0
nan 0,255,11001010100011010110011 0

x1 = 0 11111111 01000001101011110100010, 255
x2 = 0 11111111 00000000000000000000001, 255
nan 0,255,11000001101011110100010 0
nan 0,255,10000000000000000000001 0

x1 = 0 11111111 00011000101110011111100, 255
x2 = 0 11111111 00000000000000000000010, 255
nan 0,255,10011000101110011111100 0
nan 0,255,10000000000000000000010 0

x1 = 0 11111111 00100110111001101110100, 255
x2 = 0 11111111 01110000000000000000000, 255
nan 0,255,10100110111001101110100 0
nan 0,255,11110000000000000000000 0

x1 = 0 11111111 00110010110000000000011, 255
x2 = 0 11111111 10000000000000000000000, 255
nan 0,255,10110010110000000000011 0
nan 0,255,10000000000000000000000 0

x1 = 0 11111111 01000000101110011111101, 255
x2 = 0 11111111 10111111111111111111111, 255
nan 0,255,11000000101110011111101 0
nan 0,255,10111111111111111111111 0

x1 = 0 11111111 00110001011101000100111, 255
x2 = 0 11111111 11111111111111111111111, 255
nan 0,255,10110001011101000100111 0
nan 0,255,11111111111111111111111 0

x1 = 0 11111111 00101110100110011010100, 255
x2 = 0 11111111 01000010011010010011111, 255
nan 0,255,10101110100110011010100 0
nan 0,255,11000010011010010011111 0

x1 = 0 11111111 00001010001011100100011, 255
x2 = 0 11111111 00010101100000001001001, 255
nan 0,255,10001010001011100100011 0
nan 0,255,10010101100000001001001 0

x1 = 0 11111111 00110101001010010100010, 255
x2 = 0 11111111 00001010111010000100001, 255
nan 0,255,10110101001010010100010 0
nan 0,255,10001010111010000100001 0

x1 = 0 11111111 00000000000000000000001, 255
x2 = 1 11111111 00000000000000000000001, 255
nan 0,255,10000000000000000000001 0
-nan 1,255,10000000000000000000001 0

x1 = 0 11111111 00000000000000000000001, 255
x2 = 1 11111111 00000000000000000000010, 255
nan 0,255,10000000000000000000001 0
-nan 1,255,10000000000000000000010 0

x1 = 0 11111111 00000000000000000000001, 255
x2 = 1 11111111 01110000000000000000000, 255
nan 0,255,10000000000000000000001 0
-nan 1,255,11110000000000000000000 0

x1 = 0 11111111 00000000000000000000001, 255
x2 = 1 11111111 10000000000000000000000, 255
nan 0,255,10000000000000000000001 0
-nan 1,255,10000000000000000000000 0

x1 = 0 11111111 00000000000000000000001, 255
x2 = 1 11111111 10111111111111111111111, 255
nan 0,255,10000000000000000000001 0
-nan 1,255,10111111111111111111111 0

x1 = 0 11111111 00000000000000000000001, 255
x2 = 1 11111111 11111111111111111111111, 255
nan 0,255,10000000000000000000001 0
-nan 1,255,11111111111111111111111 0

x1 = 0 11111111 00000000000000000000001, 255
x2 = 1 11111111 01010001001000110010100, 255
nan 0,255,10000000000000000000001 0
-nan 1,255,11010001001000110010100 0

x1 = 0 11111111 00000000000000000000001, 255
x2 = 1 11111111 00111001010000111000000, 255
nan 0,255,10000000000000000000001 0
-nan 1,255,10111001010000111000000 0

x1 = 0 11111111 00000000000000000000001, 255
x2 = 1 11111111 00000010011110101100011, 255
nan 0,255,10000000000000000000001 0
-nan 1,255,10000010011110101100011 0

x1 = 0 11111111 00000000000000000000010, 255
x2 = 1 11111111 00000000000000000000001, 255
nan 0,255,10000000000000000000010 0
-nan 1,255,10000000000000000000001 0

x1 = 0 11111111 00000000000000000000010, 255
x2 = 1 11111111 00000000000000000000010, 255
nan 0,255,10000000000000000000010 0
-nan 1,255,10000000000000000000010 0

x1 = 0 11111111 00000000000000000000010, 255
x2 = 1 11111111 01110000000000000000000, 255
nan 0,255,10000000000000000000010 0
-nan 1,255,11110000000000000000000 0

x1 = 0 11111111 00000000000000000000010, 255
x2 = 1 11111111 10000000000000000000000, 255
nan 0,255,10000000000000000000010 0
-nan 1,255,10000000000000000000000 0

x1 = 0 11111111 00000000000000000000010, 255
x2 = 1 11111111 10111111111111111111111, 255
nan 0,255,10000000000000000000010 0
-nan 1,255,10111111111111111111111 0

x1 = 0 11111111 00000000000000000000010, 255
x2 = 1 11111111 11111111111111111111111, 255
nan 0,255,10000000000000000000010 0
-nan 1,255,11111111111111111111111 0

x1 = 0 11111111 00000000000000000000010, 255
x2 = 1 11111111 00011100000010110110101, 255
nan 0,255,10000000000000000000010 0
-nan 1,255,10011100000010110110101 0

x1 = 0 11111111 00000000000000000000010, 255
x2 = 1 11111111 00000000001110000110000, 255
nan 0,255,10000000000000000000010 0
-nan 1,255,10000000001110000110000 0

x1 = 0 11111111 00000000000000000000010, 255
x2 = 1 11111111 00100110001111011011010, 255
nan 0,255,10000000000000000000010 0
-nan 1,255,10100110001111011011010 0

x1 = 0 11111111 01110000000000000000000, 255
x2 = 1 11111111 00000000000000000000001, 255
nan 0,255,11110000000000000000000 0
-nan 1,255,10000000000000000000001 0

x1 = 0 11111111 01110000000000000000000, 255
x2 = 1 11111111 00000000000000000000010, 255
nan 0,255,11110000000000000000000 0
-nan 1,255,10000000000000000000010 0

x1 = 0 11111111 01110000000000000000000, 255
x2 = 1 11111111 01110000000000000000000, 255
nan 0,255,11110000000000000000000 0
-nan 1,255,11110000000000000000000 0

x1 = 0 11111111 01110000000000000000000, 255
x2 = 1 11111111 10000000000000000000000, 255
nan 0,255,11110000000000000000000 0
-nan 1,255,10000000000000000000000 0

x1 = 0 11111111 01110000000000000000000, 255
x2 = 1 11111111 10111111111111111111111, 255
nan 0,255,11110000000000000000000 0
-nan 1,255,10111111111111111111111 0

x1 = 0 11111111 01110000000000000000000, 255
x2 = 1 11111111 11111111111111111111111, 255
nan 0,255,11110000000000000000000 0
-nan 1,255,11111111111111111111111 0

x1 = 0 11111111 01110000000000000000000, 255
x2 = 1 11111111 00101001010111001110101, 255
nan 0,255,11110000000000000000000 0
-nan 1,255,10101001010111001110101 0

x1 = 0 11111111 01110000000000000000000, 255
x2 = 1 11111111 00010001010110111000101, 255
nan 0,255,11110000000000000000000 0
-nan 1,255,10010001010110111000101 0

x1 = 0 11111111 01110000000000000000000, 255
x2 = 1 11111111 01011111100000010011010, 255
nan 0,255,11110000000000000000000 0
-nan 1,255,11011111100000010011010 0

x1 = 0 11111111 10000000000000000000000, 255
x2 = 1 11111111 00000000000000000000001, 255
nan 0,255,10000000000000000000000 0
-nan 1,255,10000000000000000000001 0

x1 = 0 11111111 10000000000000000000000, 255
x2 = 1 11111111 00000000000000000000010, 255
nan 0,255,10000000000000000000000 0
-nan 1,255,10000000000000000000010 0

x1 = 0 11111111 10000000000000000000000, 255
x2 = 1 11111111 01110000000000000000000, 255
nan 0,255,10000000000000000000000 0
-nan 1,255,11110000000000000000000 0

x1 = 0 11111111 10000000000000000000000, 255
x2 = 1 11111111 10000000000000000000000, 255
nan 0,255,10000000000000000000000 0
-nan 1,255,10000000000000000000000 0

x1 = 0 11111111 10000000000000000000000, 255
x2 = 1 11111111 10111111111111111111111, 255
nan 0,255,10000000000000000000000 0
-nan 1,255,10111111111111111111111 0

x1 = 0 11111111 10000000000000000000000, 255
x2 = 1 11111111 11111111111111111111111, 255
nan 0,255,10000000000000000000000 0
-nan 1,255,11111111111111111111111 0

x1 = 0 11111111 10000000000000000000000, 255
x2 = 1 11111111 00101011110101111011000, 255
nan 0,255,10000000000000000000000 0
-nan 1,255,10101011110101111011000 0

x1 = 0 11111111 10000000000000000000000, 255
x2 = 1 11111111 00101101011001101111010, 255
nan 0,255,10000000000000000000000 0
-nan 1,255,10101101011001101111010 0

x1 = 0 11111111 10000000000000000000000, 255
x2 = 1 11111111 00011111101110011001011, 255
nan 0,255,10000000000000000000000 0
-nan 1,255,10011111101110011001011 0

x1 = 0 11111111 10111111111111111111111, 255
x2 = 1 11111111 00000000000000000000001, 255
nan 0,255,10111111111111111111111 0
-nan 1,255,10000000000000000000001 0

x1 = 0 11111111 10111111111111111111111, 255
x2 = 1 11111111 00000000000000000000010, 255
nan 0,255,10111111111111111111111 0
-nan 1,255,10000000000000000000010 0

x1 = 0 11111111 10111111111111111111111, 255
x2 = 1 11111111 01110000000000000000000, 255
nan 0,255,10111111111111111111111 0
-nan 1,255,11110000000000000000000 0

x1 = 0 11111111 10111111111111111111111, 255
x2 = 1 11111111 10000000000000000000000, 255
nan 0,255,10111111111111111111111 0
-nan 1,255,10000000000000000000000 0

x1 = 0 11111111 10111111111111111111111, 255
x2 = 1 11111111 10111111111111111111111, 255
nan 0,255,10111111111111111111111 0
-nan 1,255,10111111111111111111111 0

x1 = 0 11111111 10111111111111111111111, 255
x2 = 1 11111111 11111111111111111111111, 255
nan 0,255,10111111111111111111111 0
-nan 1,255,11111111111111111111111 0

x1 = 0 11111111 10111111111111111111111, 255
x2 = 1 11111111 00010010000101010110011, 255
nan 0,255,10111111111111111111111 0
-nan 1,255,10010010000101010110011 0

x1 = 0 11111111 10111111111111111111111, 255
x2 = 1 11111111 01010110110000111110000, 255
nan 0,255,10111111111111111111111 0
-nan 1,255,11010110110000111110000 0

x1 = 0 11111111 10111111111111111111111, 255
x2 = 1 11111111 00110001000101010010000, 255
nan 0,255,10111111111111111111111 0
-nan 1,255,10110001000101010010000 0

x1 = 0 11111111 11111111111111111111111, 255
x2 = 1 11111111 00000000000000000000001, 255
nan 0,255,11111111111111111111111 0
-nan 1,255,10000000000000000000001 0

x1 = 0 11111111 11111111111111111111111, 255
x2 = 1 11111111 00000000000000000000010, 255
nan 0,255,11111111111111111111111 0
-nan 1,255,10000000000000000000010 0

x1 = 0 11111111 11111111111111111111111, 255
x2 = 1 11111111 01110000000000000000000, 255
nan 0,255,11111111111111111111111 0
-nan 1,255,11110000000000000000000 0

x1 = 0 11111111 11111111111111111111111, 255
x2 = 1 11111111 10000000000000000000000, 255
nan 0,255,11111111111111111111111 0
-nan 1,255,10000000000000000000000 0

x1 = 0 11111111 11111111111111111111111, 255
x2 = 1 11111111 10111111111111111111111, 255
nan 0,255,11111111111111111111111 0
-nan 1,255,10111111111111111111111 0

x1 = 0 11111111 11111111111111111111111, 255
x2 = 1 11111111 11111111111111111111111, 255
nan 0,255,11111111111111111111111 0
-nan 1,255,11111111111111111111111 0

x1 = 0 11111111 11111111111111111111111, 255
x2 = 1 11111111 00110001100101101001101, 255
nan 0,255,11111111111111111111111 0
-nan 1,255,10110001100101101001101 0

x1 = 0 11111111 11111111111111111111111, 255
x2 = 1 11111111 00000010100110111001000, 255
nan 0,255,11111111111111111111111 0
-nan 1,255,10000010100110111001000 0

x1 = 0 11111111 11111111111111111111111, 255
x2 = 1 11111111 01011110011111000001011, 255
nan 0,255,11111111111111111111111 0
-nan 1,255,11011110011111000001011 0

x1 = 0 11111111 01010100101100001111100, 255
x2 = 1 11111111 00000000000000000000001, 255
nan 0,255,11010100101100001111100 0
-nan 1,255,10000000000000000000001 0

x1 = 0 11111111 00110101001111111111011, 255
x2 = 1 11111111 00000000000000000000010, 255
nan 0,255,10110101001111111111011 0
-nan 1,255,10000000000000000000010 0

x1 = 0 11111111 01000010011001010101010, 255
x2 = 1 11111111 01110000000000000000000, 255
nan 0,255,11000010011001010101010 0
-nan 1,255,11110000000000000000000 0

x1 = 0 11111111 00000110010001111001010, 255
x2 = 1 11111111 10000000000000000000000, 255
nan 0,255,10000110010001111001010 0
-nan 1,255,10000000000000000000000 0

x1 = 0 11111111 00110111110110111000100, 255
x2 = 1 11111111 10111111111111111111111, 255
nan 0,255,10110111110110111000100 0
-nan 1,255,10111111111111111111111 0

x1 = 0 11111111 00100000111000010110110, 255
x2 = 1 11111111 11111111111111111111111, 255
nan 0,255,10100000111000010110110 0
-nan 1,255,11111111111111111111111 0

x1 = 0 11111111 00010111100101111100011, 255
x2 = 1 11111111 00001100100011001000000, 255
nan 0,255,10010111100101111100011 0
-nan 1,255,10001100100011001000000 0

x1 = 0 11111111 01010110001000010110001, 255
x2 = 1 11111111 00011001111111010001110, 255
nan 0,255,11010110001000010110001 0
-nan 1,255,10011001111111010001110 0

x1 = 0 11111111 01010010110101000001010, 255
x2 = 1 11111111 00001101111111001110110, 255
nan 0,255,11010010110101000001010 0
-nan 1,255,10001101111111001110110 0

x1 = 0 11111111 00101010011010111101110, 255
x2 = 1 11111111 00000000000000000000001, 255
nan 0,255,10101010011010111101110 0
-nan 1,255,10000000000000000000001 0

x1 = 0 11111111 01011010100010010110110, 255
x2 = 1 11111111 00000000000000000000010, 255
nan 0,255,11011010100010010110110 0
-nan 1,255,10000000000000000000010 0

x1 = 0 11111111 00010000111111111110110, 255
x2 = 1 11111111 01110000000000000000000, 255
nan 0,255,10010000111111111110110 0
-nan 1,255,11110000000000000000000 0

x1 = 0 11111111 01000100011010001111100, 255
x2 = 1 11111111 10000000000000000000000, 255
nan 0,255,11000100011010001111100 0
-nan 1,255,10000000000000000000000 0

x1 = 0 11111111 00101101010111011000001, 255
x2 = 1 11111111 10111111111111111111111, 255
nan 0,255,10101101010111011000001 0
-nan 1,255,10111111111111111111111 0

x1 = 0 11111111 01011110111111001101100, 255
x2 = 1 11111111 11111111111111111111111, 255
nan 0,255,11011110111111001101100 0
-nan 1,255,11111111111111111111111 0

x1 = 0 11111111 00111111010001111000001, 255
x2 = 1 11111111 00010111110010010101111, 255
nan 0,255,10111111010001111000001 0
-nan 1,255,10010111110010010101111 0

x1 = 0 11111111 00111001100001100100011, 255
x2 = 1 11111111 01010000010001110110111, 255
nan 0,255,10111001100001100100011 0
-nan 1,255,11010000010001110110111 0

x1 = 0 11111111 00011100001100100101011, 255
x2 = 1 11111111 00100110111000111100100, 255
nan 0,255,10011100001100100101011 0
-nan 1,255,10100110111000111100100 0

x1 = 0 11111111 01011011011110011101101, 255
x2 = 1 11111111 00000000000000000000001, 255
nan 0,255,11011011011110011101101 0
-nan 1,255,10000000000000000000001 0

x1 = 0 11111111 00111110101011010010011, 255
x2 = 1 11111111 00000000000000000000010, 255
nan 0,255,10111110101011010010011 0
-nan 1,255,10000000000000000000010 0

x1 = 0 11111111 00101000110010101000110, 255
x2 = 1 11111111 01110000000000000000000, 255
nan 0,255,10101000110010101000110 0
-nan 1,255,11110000000000000000000 0

x1 = 0 11111111 00101011110000010100100, 255
x2 = 1 11111111 10000000000000000000000, 255
nan 0,255,10101011110000010100100 0
-nan 1,255,10000000000000000000000 0

x1 = 0 11111111 01011010110111110111111, 255
x2 = 1 11111111 10111111111111111111111, 255
nan 0,255,11011010110111110111111 0
-nan 1,255,10111111111111111111111 0

x1 = 0 11111111 01001111101011100101011, 255
x2 = 1 11111111 11111111111111111111111, 255
nan 0,255,11001111101011100101011 0
-nan 1,255,11111111111111111111111 0

x1 = 0 11111111 01011011000001011001000, 255
x2 = 1 11111111 00110110010110010101100, 255
nan 0,255,11011011000001011001000 0
-nan 1,255,10110110010110010101100 0

x1 = 0 11111111 00001110010110110111110, 255
x2 = 1 11111111 01000011110100000001111, 255
nan 0,255,10001110010110110111110 0
-nan 1,255,11000011110100000001111 0

x1 = 0 11111111 00100010000110101010000, 255
x2 = 1 11111111 00101001001110101111101, 255
nan 0,255,10100010000110101010000 0
-nan 1,255,10101001001110101111101 0

x1 = 1 11111111 00000000000000000000001, 255
x2 = 0 11111111 00000000000000000000001, 255
-nan 1,255,10000000000000000000001 0
nan 0,255,10000000000000000000001 0

x1 = 1 11111111 00000000000000000000001, 255
x2 = 0 11111111 00000000000000000000010, 255
-nan 1,255,10000000000000000000001 0
nan 0,255,10000000000000000000010 0

x1 = 1 11111111 00000000000000000000001, 255
x2 = 0 11111111 01110000000000000000000, 255
-nan 1,255,10000000000000000000001 0
nan 0,255,11110000000000000000000 0

x1 = 1 11111111 00000000000000000000001, 255
x2 = 0 11111111 10000000000000000000000, 255
-nan 1,255,10000000000000000000001 0
nan 0,255,10000000000000000000000 0

x1 = 1 11111111 00000000000000000000001, 255
x2 = 0 11111111 10111111111111111111111, 255
-nan 1,255,10000000000000000000001 0
nan 0,255,10111111111111111111111 0

x1 = 1 11111111 00000000000000000000001, 255
x2 = 0 11111111 11111111111111111111111, 255
-nan 1,255,10000000000000000000001 0
nan 0,255,11111111111111111111111 0

x1 = 1 11111111 00000000000000000000001, 255
x2 = 0 11111111 00100001110110011111000, 255
-nan 1,255,10000000000000000000001 0
nan 0,255,10100001110110011111000 0

x1 = 1 11111111 00000000000000000000001, 255
x2 = 0 11111111 01000000111100000101000, 255
-nan 1,255,10000000000000000000001 0
nan 0,255,11000000111100000101000 0

x1 = 1 11111111 00000000000000000000001, 255
x2 = 0 11111111 00000001101011101111010, 255
-nan 1,255,10000000000000000000001 0
nan 0,255,10000001101011101111010 0

x1 = 1 11111111 00000000000000000000010, 255
x2 = 0 11111111 00000000000000000000001, 255
-nan 1,255,10000000000000000000010 0
nan 0,255,10000000000000000000001 0

x1 = 1 11111111 00000000000000000000010, 255
x2 = 0 11111111 00000000000000000000010, 255
-nan 1,255,10000000000000000000010 0
nan 0,255,10000000000000000000010 0

x1 = 1 11111111 00000000000000000000010, 255
x2 = 0 11111111 01110000000000000000000, 255
-nan 1,255,10000000000000000000010 0
nan 0,255,11110000000000000000000 0

x1 = 1 11111111 00000000000000000000010, 255
x2 = 0 11111111 10000000000000000000000, 255
-nan 1,255,10000000000000000000010 0
nan 0,255,10000000000000000000000 0

x1 = 1 11111111 00000000000000000000010, 255
x2 = 0 11111111 10111111111111111111111, 255
-nan 1,255,10000000000000000000010 0
nan 0,255,10111111111111111111111 0

x1 = 1 11111111 00000000000000000000010, 255
x2 = 0 11111111 11111111111111111111111, 255
-nan 1,255,10000000000000000000010 0
nan 0,255,11111111111111111111111 0

x1 = 1 11111111 00000000000000000000010, 255
x2 = 0 11111111 01001011000101001110110, 255
-nan 1,255,10000000000000000000010 0
nan 0,255,11001011000101001110110 0

x1 = 1 11111111 00000000000000000000010, 255
x2 = 0 11111111 01010100011011101100011, 255
-nan 1,255,10000000000000000000010 0
nan 0,255,11010100011011101100011 0

x1 = 1 11111111 00000000000000000000010, 255
x2 = 0 11111111 00111110110011110010011, 255
-nan 1,255,10000000000000000000010 0
nan 0,255,10111110110011110010011 0

x1 = 1 11111111 01110000000000000000000, 255
x2 = 0 11111111 00000000000000000000001, 255
-nan 1,255,11110000000000000000000 0
nan 0,255,10000000000000000000001 0

x1 = 1 11111111 01110000000000000000000, 255
x2 = 0 11111111 00000000000000000000010, 255
-nan 1,255,11110000000000000000000 0
nan 0,255,10000000000000000000010 0

x1 = 1 11111111 01110000000000000000000, 255
x2 = 0 11111111 01110000000000000000000, 255
-nan 1,255,11110000000000000000000 0
nan 0,255,11110000000000000000000 0

x1 = 1 11111111 01110000000000000000000, 255
x2 = 0 11111111 10000000000000000000000, 255
-nan 1,255,11110000000000000000000 0
nan 0,255,10000000000000000000000 0

x1 = 1 11111111 01110000000000000000000, 255
x2 = 0 11111111 10111111111111111111111, 255
-nan 1,255,11110000000000000000000 0
nan 0,255,10111111111111111111111 0

x1 = 1 11111111 01110000000000000000000, 255
x2 = 0 11111111 11111111111111111111111, 255
-nan 1,255,11110000000000000000000 0
nan 0,255,11111111111111111111111 0

x1 = 1 11111111 01110000000000000000000, 255
x2 = 0 11111111 00101010101010010100000, 255
-nan 1,255,11110000000000000000000 0
nan 0,255,10101010101010010100000 0

x1 = 1 11111111 01110000000000000000000, 255
x2 = 0 11111111 00110110010010001011011, 255
-nan 1,255,11110000000000000000000 0
nan 0,255,10110110010010001011011 0

x1 = 1 11111111 01110000000000000000000, 255
x2 = 0 11111111 00111111101111110111100, 255
-nan 1,255,11110000000000000000000 0
nan 0,255,10111111101111110111100 0

x1 = 1 11111111 10000000000000000000000, 255
x2 = 0 11111111 00000000000000000000001, 255
-nan 1,255,10000000000000000000000 0
nan 0,255,10000000000000000000001 0

x1 = 1 11111111 10000000000000000000000, 255
x2 = 0 11111111 00000000000000000000010, 255
-nan 1,255,10000000000000000000000 0
nan 0,255,10000000000000000000010 0

x1 = 1 11111111 10000000000000000000000, 255
x2 = 0 11111111 01110000000000000000000, 255
-nan 1,255,10000000000000000000000 0
nan 0,255,11110000000000000000000 0

x1 = 1 11111111 10000000000000000000000, 255
x2 = 0 11111111 10000000000000000000000, 255
-nan 1,255,10000000000000000000000 0
nan 0,255,10000000000000000000000 0

x1 = 1 11111111 10000000000000000000000, 255
x2 = 0 11111111 10111111111111111111111, 255
-nan 1,255,10000000000000000000000 0
nan 0,255,10111111111111111111111 0

x1 = 1 11111111 10000000000000000000000, 255
x2 = 0 11111111 11111111111111111111111, 255
-nan 1,255,10000000000000000000000 0
nan 0,255,11111111111111111111111 0

x1 = 1 11111111 10000000000000000000000, 255
x2 = 0 11111111 00101100010110000011010, 255
-nan 1,255,10000000000000000000000 0
nan 0,255,10101100010110000011010 0

x1 = 1 11111111 10000000000000000000000, 255
x2 = 0 11111111 00000001010111011010010, 255
-nan 1,255,10000000000000000000000 0
nan 0,255,10000001010111011010010 0

x1 = 1 11111111 10000000000000000000000, 255
x2 = 0 11111111 00010100001011100011111, 255
-nan 1,255,10000000000000000000000 0
nan 0,255,10010100001011100011111 0

x1 = 1 11111111 10111111111111111111111, 255
x2 = 0 11111111 00000000000000000000001, 255
-nan 1,255,10111111111111111111111 0
nan 0,255,10000000000000000000001 0

x1 = 1 11111111 10111111111111111111111, 255
x2 = 0 11111111 00000000000000000000010, 255
-nan 1,255,10111111111111111111111 0
nan 0,255,10000000000000000000010 0

x1 = 1 11111111 10111111111111111111111, 255
x2 = 0 11111111 01110000000000000000000, 255
-nan 1,255,10111111111111111111111 0
nan 0,255,11110000000000000000000 0

x1 = 1 11111111 10111111111111111111111, 255
x2 = 0 11111111 10000000000000000000000, 255
-nan 1,255,10111111111111111111111 0
nan 0,255,10000000000000000000000 0

x1 = 1 11111111 10111111111111111111111, 255
x2 = 0 11111111 10111111111111111111111, 255
-nan 1,255,10111111111111111111111 0
nan 0,255,10111111111111111111111 0

x1 = 1 11111111 10111111111111111111111, 255
x2 = 0 11111111 11111111111111111111111, 255
-nan 1,255,10111111111111111111111 0
nan 0,255,11111111111111111111111 0

x1 = 1 11111111 10111111111111111111111, 255
x2 = 0 11111111 00101011001001110101110, 255
-nan 1,255,10111111111111111111111 0
nan 0,255,10101011001001110101110 0

x1 = 1 11111111 10111111111111111111111, 255
x2 = 0 11111111 00101100000001101110010, 255
-nan 1,255,10111111111111111111111 0
nan 0,255,10101100000001101110010 0

x1 = 1 11111111 10111111111111111111111, 255
x2 = 0 11111111 01001010011101101111011, 255
-nan 1,255,10111111111111111111111 0
nan 0,255,11001010011101101111011 0

x1 = 1 11111111 11111111111111111111111, 255
x2 = 0 11111111 00000000000000000000001, 255
-nan 1,255,11111111111111111111111 0
nan 0,255,10000000000000000000001 0

x1 = 1 11111111 11111111111111111111111, 255
x2 = 0 11111111 00000000000000000000010, 255
-nan 1,255,11111111111111111111111 0
nan 0,255,10000000000000000000010 0

x1 = 1 11111111 11111111111111111111111, 255
x2 = 0 11111111 01110000000000000000000, 255
-nan 1,255,11111111111111111111111 0
nan 0,255,11110000000000000000000 0

x1 = 1 11111111 11111111111111111111111, 255
x2 = 0 11111111 10000000000000000000000, 255
-nan 1,255,11111111111111111111111 0
nan 0,255,10000000000000000000000 0

x1 = 1 11111111 11111111111111111111111, 255
x2 = 0 11111111 10111111111111111111111, 255
-nan 1,255,11111111111111111111111 0
nan 0,255,10111111111111111111111 0

x1 = 1 11111111 11111111111111111111111, 255
x2 = 0 11111111 11111111111111111111111, 255
-nan 1,255,11111111111111111111111 0
nan 0,255,11111111111111111111111 0

x1 = 1 11111111 11111111111111111111111, 255
x2 = 0 11111111 00101010111001101101010, 255
-nan 1,255,11111111111111111111111 0
nan 0,255,10101010111001101101010 0

x1 = 1 11111111 11111111111111111111111, 255
x2 = 0 11111111 01011000010111110001100, 255
-nan 1,255,11111111111111111111111 0
nan 0,255,11011000010111110001100 0

x1 = 1 11111111 11111111111111111111111, 255
x2 = 0 11111111 00001011110101001001101, 255
-nan 1,255,11111111111111111111111 0
nan 0,255,10001011110101001001101 0

x1 = 1 11111111 00000011100001100111011, 255
x2 = 0 11111111 00000000000000000000001, 255
-nan 1,255,10000011100001100111011 0
nan 0,255,10000000000000000000001 0

x1 = 1 11111111 00110111110110111000000, 255
x2 = 0 11111111 00000000000000000000010, 255
-nan 1,255,10110111110110111000000 0
nan 0,255,10000000000000000000010 0

x1 = 1 11111111 00001001100011000000101, 255
x2 = 0 11111111 01110000000000000000000, 255
-nan 1,255,10001001100011000000101 0
nan 0,255,11110000000000000000000 0

x1 = 1 11111111 00101110011011010100101, 255
x2 = 0 11111111 10000000000000000000000, 255
-nan 1,255,10101110011011010100101 0
nan 0,255,10000000000000000000000 0

x1 = 1 11111111 00010000001110101001101, 255
x2 = 0 11111111 10111111111111111111111, 255
-nan 1,255,10010000001110101001101 0
nan 0,255,10111111111111111111111 0

x1 = 1 11111111 01010101011000001010011, 255
x2 = 0 11111111 11111111111111111111111, 255
-nan 1,255,11010101011000001010011 0
nan 0,255,11111111111111111111111 0

x1 = 1 11111111 00101101100000100110000, 255
x2 = 0 11111111 01010011110000010001000, 255
-nan 1,255,10101101100000100110000 0
nan 0,255,11010011110000010001000 0

x1 = 1 11111111 00001101001111000010011, 255
x2 = 0 11111111 00110111000011100110101, 255
-nan 1,255,10001101001111000010011 0
nan 0,255,10110111000011100110101 0

x1 = 1 11111111 00000010001011100101110, 255
x2 = 0 11111111 01011101011101101100001, 255
-nan 1,255,10000010001011100101110 0
nan 0,255,11011101011101101100001 0

x1 = 1 11111111 00101111101100001011110, 255
x2 = 0 11111111 00000000000000000000001, 255
-nan 1,255,10101111101100001011110 0
nan 0,255,10000000000000000000001 0

x1 = 1 11111111 00110001001101111101001, 255
x2 = 0 11111111 00000000000000000000010, 255
-nan 1,255,10110001001101111101001 0
nan 0,255,10000000000000000000010 0

x1 = 1 11111111 01011001101010110011101, 255
x2 = 0 11111111 01110000000000000000000, 255
-nan 1,255,11011001101010110011101 0
nan 0,255,11110000000000000000000 0

x1 = 1 11111111 00100110101111110010100, 255
x2 = 0 11111111 10000000000000000000000, 255
-nan 1,255,10100110101111110010100 0
nan 0,255,10000000000000000000000 0

x1 = 1 11111111 00110011011001100010111, 255
x2 = 0 11111111 10111111111111111111111, 255
-nan 1,255,10110011011001100010111 0
nan 0,255,10111111111111111111111 0

x1 = 1 11111111 00110111001000011111110, 255
x2 = 0 11111111 11111111111111111111111, 255
-nan 1,255,10110111001000011111110 0
nan 0,255,11111111111111111111111 0

x1 = 1 11111111 00110011001011100011101, 255
x2 = 0 11111111 00100011000101101110101, 255
-nan 1,255,10110011001011100011101 0
nan 0,255,10100011000101101110101 0

x1 = 1 11111111 00101000010110011100111, 255
x2 = 0 11111111 00001100110110010111011, 255
-nan 1,255,10101000010110011100111 0
nan 0,255,10001100110110010111011 0

x1 = 1 11111111 01001001110101100001001, 255
x2 = 0 11111111 00011011101111111111111, 255
-nan 1,255,11001001110101100001001 0
nan 0,255,10011011101111111111111 0

x1 = 1 11111111 00111101000001000100111, 255
x2 = 0 11111111 00000000000000000000001, 255
-nan 1,255,10111101000001000100111 0
nan 0,255,10000000000000000000001 0

x1 = 1 11111111 00111110110101101110101, 255
x2 = 0 11111111 00000000000000000000010, 255
-nan 1,255,10111110110101101110101 0
nan 0,255,10000000000000000000010 0

x1 = 1 11111111 00101100010101010100001, 255
x2 = 0 11111111 01110000000000000000000, 255
-nan 1,255,10101100010101010100001 0
nan 0,255,11110000000000000000000 0

x1 = 1 11111111 01001001110111011100011, 255
x2 = 0 11111111 10000000000000000000000, 255
-nan 1,255,11001001110111011100011 0
nan 0,255,10000000000000000000000 0

x1 = 1 11111111 00001000101011001111110, 255
x2 = 0 11111111 10111111111111111111111, 255
-nan 1,255,10001000101011001111110 0
nan 0,255,10111111111111111111111 0

x1 = 1 11111111 01001000000101010100001, 255
x2 = 0 11111111 11111111111111111111111, 255
-nan 1,255,11001000000101010100001 0
nan 0,255,11111111111111111111111 0

x1 = 1 11111111 00001101110110010011100, 255
x2 = 0 11111111 01000101101100010100110, 255
-nan 1,255,10001101110110010011100 0
nan 0,255,11000101101100010100110 0

x1 = 1 11111111 00000110111011000010110, 255
x2 = 0 11111111 00111010001011100111110, 255
-nan 1,255,10000110111011000010110 0
nan 0,255,10111010001011100111110 0

x1 = 1 11111111 01001111100011110001001, 255
x2 = 0 11111111 01001111100110010010100, 255
-nan 1,255,11001111100011110001001 0
nan 0,255,11001111100110010010100 0

x1 = 1 11111111 00000000000000000000001, 255
x2 = 1 11111111 00000000000000000000010, 255
-nan 1,255,10000000000000000000001 0
-nan 1,255,10000000000000000000010 0

x1 = 1 11111111 00000000000000000000001, 255
x2 = 1 11111111 01110000000000000000000, 255
-nan 1,255,10000000000000000000001 0
-nan 1,255,11110000000000000000000 0

x1 = 1 11111111 00000000000000000000001, 255
x2 = 1 11111111 10000000000000000000000, 255
-nan 1,255,10000000000000000000001 0
-nan 1,255,10000000000000000000000 0

x1 = 1 11111111 00000000000000000000001, 255
x2 = 1 11111111 10111111111111111111111, 255
-nan 1,255,10000000000000000000001 0
-nan 1,255,10111111111111111111111 0

x1 = 1 11111111 00000000000000000000001, 255
x2 = 1 11111111 11111111111111111111111, 255
-nan 1,255,10000000000000000000001 0
-nan 1,255,11111111111111111111111 0

x1 = 1 11111111 00000000000000000000001, 255
x2 = 1 11111111 00001001001011111110101, 255
-nan 1,255,10000000000000000000001 0
-nan 1,255,10001001001011111110101 0

x1 = 1 11111111 00000000000000000000001, 255
x2 = 1 11111111 00010111100101101100101, 255
-nan 1,255,10000000000000000000001 0
-nan 1,255,10010111100101101100101 0

x1 = 1 11111111 00000000000000000000001, 255
x2 = 1 11111111 00100100110110011000101, 255
-nan 1,255,10000000000000000000001 0
-nan 1,255,10100100110110011000101 0

x1 = 1 11111111 00000000000000000000010, 255
x2 = 1 11111111 00000000000000000000001, 255
-nan 1,255,10000000000000000000010 0
-nan 1,255,10000000000000000000001 0

x1 = 1 11111111 00000000000000000000010, 255
x2 = 1 11111111 01110000000000000000000, 255
-nan 1,255,10000000000000000000010 0
-nan 1,255,11110000000000000000000 0

x1 = 1 11111111 00000000000000000000010, 255
x2 = 1 11111111 10000000000000000000000, 255
-nan 1,255,10000000000000000000010 0
-nan 1,255,10000000000000000000000 0

x1 = 1 11111111 00000000000000000000010, 255
x2 = 1 11111111 10111111111111111111111, 255
-nan 1,255,10000000000000000000010 0
-nan 1,255,10111111111111111111111 0

x1 = 1 11111111 00000000000000000000010, 255
x2 = 1 11111111 11111111111111111111111, 255
-nan 1,255,10000000000000000000010 0
-nan 1,255,11111111111111111111111 0

x1 = 1 11111111 00000000000000000000010, 255
x2 = 1 11111111 00011000110010010001010, 255
-nan 1,255,10000000000000000000010 0
-nan 1,255,10011000110010010001010 0

x1 = 1 11111111 00000000000000000000010, 255
x2 = 1 11111111 00011001110110101000100, 255
-nan 1,255,10000000000000000000010 0
-nan 1,255,10011001110110101000100 0

x1 = 1 11111111 00000000000000000000010, 255
x2 = 1 11111111 00000010010000011101011, 255
-nan 1,255,10000000000000000000010 0
-nan 1,255,10000010010000011101011 0

x1 = 1 11111111 01110000000000000000000, 255
x2 = 1 11111111 00000000000000000000001, 255
-nan 1,255,11110000000000000000000 0
-nan 1,255,10000000000000000000001 0

x1 = 1 11111111 01110000000000000000000, 255
x2 = 1 11111111 00000000000000000000010, 255
-nan 1,255,11110000000000000000000 0
-nan 1,255,10000000000000000000010 0

x1 = 1 11111111 01110000000000000000000, 255
x2 = 1 11111111 10000000000000000000000, 255
-nan 1,255,11110000000000000000000 0
-nan 1,255,10000000000000000000000 0

x1 = 1 11111111 01110000000000000000000, 255
x2 = 1 11111111 10111111111111111111111, 255
-nan 1,255,11110000000000000000000 0
-nan 1,255,10111111111111111111111 0

x1 = 1 11111111 01110000000000000000000, 255
x2 = 1 11111111 11111111111111111111111, 255
-nan 1,255,11110000000000000000000 0
-nan 1,255,11111111111111111111111 0

x1 = 1 11111111 01110000000000000000000, 255
x2 = 1 11111111 00101110000100111000110, 255
-nan 1,255,11110000000000000000000 0
-nan 1,255,10101110000100111000110 0

x1 = 1 11111111 01110000000000000000000, 255
x2 = 1 11111111 00100011000010100111010, 255
-nan 1,255,11110000000000000000000 0
-nan 1,255,10100011000010100111010 0

x1 = 1 11111111 01110000000000000000000, 255
x2 = 1 11111111 01011001110110001010001, 255
-nan 1,255,11110000000000000000000 0
-nan 1,255,11011001110110001010001 0

x1 = 1 11111111 10000000000000000000000, 255
x2 = 1 11111111 00000000000000000000001, 255
-nan 1,255,10000000000000000000000 0
-nan 1,255,10000000000000000000001 0

x1 = 1 11111111 10000000000000000000000, 255
x2 = 1 11111111 00000000000000000000010, 255
-nan 1,255,10000000000000000000000 0
-nan 1,255,10000000000000000000010 0

x1 = 1 11111111 10000000000000000000000, 255
x2 = 1 11111111 01110000000000000000000, 255
-nan 1,255,10000000000000000000000 0
-nan 1,255,11110000000000000000000 0

x1 = 1 11111111 10000000000000000000000, 255
x2 = 1 11111111 10111111111111111111111, 255
-nan 1,255,10000000000000000000000 0
-nan 1,255,10111111111111111111111 0

x1 = 1 11111111 10000000000000000000000, 255
x2 = 1 11111111 11111111111111111111111, 255
-nan 1,255,10000000000000000000000 0
-nan 1,255,11111111111111111111111 0

x1 = 1 11111111 10000000000000000000000, 255
x2 = 1 11111111 00010010111011010001011, 255
-nan 1,255,10000000000000000000000 0
-nan 1,255,10010010111011010001011 0

x1 = 1 11111111 10000000000000000000000, 255
x2 = 1 11111111 00111011110100111000101, 255
-nan 1,255,10000000000000000000000 0
-nan 1,255,10111011110100111000101 0

x1 = 1 11111111 10000000000000000000000, 255
x2 = 1 11111111 00110011101100110010101, 255
-nan 1,255,10000000000000000000000 0
-nan 1,255,10110011101100110010101 0

x1 = 1 11111111 10111111111111111111111, 255
x2 = 1 11111111 00000000000000000000001, 255
-nan 1,255,10111111111111111111111 0
-nan 1,255,10000000000000000000001 0

x1 = 1 11111111 10111111111111111111111, 255
x2 = 1 11111111 00000000000000000000010, 255
-nan 1,255,10111111111111111111111 0
-nan 1,255,10000000000000000000010 0

x1 = 1 11111111 10111111111111111111111, 255
x2 = 1 11111111 01110000000000000000000, 255
-nan 1,255,10111111111111111111111 0
-nan 1,255,11110000000000000000000 0

x1 = 1 11111111 10111111111111111111111, 255
x2 = 1 11111111 10000000000000000000000, 255
-nan 1,255,10111111111111111111111 0
-nan 1,255,10000000000000000000000 0

x1 = 1 11111111 10111111111111111111111, 255
x2 = 1 11111111 11111111111111111111111, 255
-nan 1,255,10111111111111111111111 0
-nan 1,255,11111111111111111111111 0

x1 = 1 11111111 10111111111111111111111, 255
x2 = 1 11111111 01010101001011101110111, 255
-nan 1,255,10111111111111111111111 0
-nan 1,255,11010101001011101110111 0

x1 = 1 11111111 10111111111111111111111, 255
x2 = 1 11111111 00101001111001110001011, 255
-nan 1,255,10111111111111111111111 0
-nan 1,255,10101001111001110001011 0

x1 = 1 11111111 10111111111111111111111, 255
x2 = 1 11111111 00010110101111011010000, 255
-nan 1,255,10111111111111111111111 0
-nan 1,255,10010110101111011010000 0

x1 = 1 11111111 11111111111111111111111, 255
x2 = 1 11111111 00000000000000000000001, 255
-nan 1,255,11111111111111111111111 0
-nan 1,255,10000000000000000000001 0

x1 = 1 11111111 11111111111111111111111, 255
x2 = 1 11111111 00000000000000000000010, 255
-nan 1,255,11111111111111111111111 0
-nan 1,255,10000000000000000000010 0

x1 = 1 11111111 11111111111111111111111, 255
x2 = 1 11111111 01110000000000000000000, 255
-nan 1,255,11111111111111111111111 0
-nan 1,255,11110000000000000000000 0

x1 = 1 11111111 11111111111111111111111, 255
x2 = 1 11111111 10000000000000000000000, 255
-nan 1,255,11111111111111111111111 0
-nan 1,255,10000000000000000000000 0

x1 = 1 11111111 11111111111111111111111, 255
x2 = 1 11111111 10111111111111111111111, 255
-nan 1,255,11111111111111111111111 0
-nan 1,255,10111111111111111111111 0

x1 = 1 11111111 11111111111111111111111, 255
x2 = 1 11111111 00101111000001111001000, 255
-nan 1,255,11111111111111111111111 0
-nan 1,255,10101111000001111001000 0

x1 = 1 11111111 11111111111111111111111, 255
x2 = 1 11111111 00111100110101000010110, 255
-nan 1,255,11111111111111111111111 0
-nan 1,255,10111100110101000010110 0

x1 = 1 11111111 11111111111111111111111, 255
x2 = 1 11111111 01010010100100010010101, 255
-nan 1,255,11111111111111111111111 0
-nan 1,255,11010010100100010010101 0

x1 = 1 11111111 00010010000000110001110, 255
x2 = 1 11111111 00000000000000000000001, 255
-nan 1,255,10010010000000110001110 0
-nan 1,255,10000000000000000000001 0

x1 = 1 11111111 00111100011110000100000, 255
x2 = 1 11111111 00000000000000000000010, 255
-nan 1,255,10111100011110000100000 0
-nan 1,255,10000000000000000000010 0

x1 = 1 11111111 00111001011110000101111, 255
x2 = 1 11111111 01110000000000000000000, 255
-nan 1,255,10111001011110000101111 0
-nan 1,255,11110000000000000000000 0

x1 = 1 11111111 00000001000010101010111, 255
x2 = 1 11111111 10000000000000000000000, 255
-nan 1,255,10000001000010101010111 0
-nan 1,255,10000000000000000000000 0

x1 = 1 11111111 00111001010011000110111, 255
x2 = 1 11111111 10111111111111111111111, 255
-nan 1,255,10111001010011000110111 0
-nan 1,255,10111111111111111111111 0

x1 = 1 11111111 01001100000010011000100, 255
x2 = 1 11111111 11111111111111111111111, 255
-nan 1,255,11001100000010011000100 0
-nan 1,255,11111111111111111111111 0

x1 = 1 11111111 00100011110001010110101, 255
x2 = 1 11111111 01001011010011111000110, 255
-nan 1,255,10100011110001010110101 0
-nan 1,255,11001011010011111000110 0

x1 = 1 11111111 01001000100000011100101, 255
x2 = 1 11111111 01011101001111011100101, 255
-nan 1,255,11001000100000011100101 0
-nan 1,255,11011101001111011100101 0

x1 = 1 11111111 00001100010110100011101, 255
x2 = 1 11111111 00000001110011100011101, 255
-nan 1,255,10001100010110100011101 0
-nan 1,255,10000001110011100011101 0

x1 = 1 11111111 00110000000111111010011, 255
x2 = 1 11111111 00000000000000000000001, 255
-nan 1,255,10110000000111111010011 0
-nan 1,255,10000000000000000000001 0

x1 = 1 11111111 00001101000111011100011, 255
x2 = 1 11111111 00000000000000000000010, 255
-nan 1,255,10001101000111011100011 0
-nan 1,255,10000000000000000000010 0

x1 = 1 11111111 00110001110010010001111, 255
x2 = 1 11111111 01110000000000000000000, 255
-nan 1,255,10110001110010010001111 0
-nan 1,255,11110000000000000000000 0

x1 = 1 11111111 00001101010111010111000, 255
x2 = 1 11111111 10000000000000000000000, 255
-nan 1,255,10001101010111010111000 0
-nan 1,255,10000000000000000000000 0

x1 = 1 11111111 01011001011110000000000, 255
x2 = 1 11111111 10111111111111111111111, 255
-nan 1,255,11011001011110000000000 0
-nan 1,255,10111111111111111111111 0

x1 = 1 11111111 00110011100101110101100, 255
x2 = 1 11111111 11111111111111111111111, 255
-nan 1,255,10110011100101110101100 0
-nan 1,255,11111111111111111111111 0

x1 = 1 11111111 00110110101001001100001, 255
x2 = 1 11111111 00001001100101111010011, 255
-nan 1,255,10110110101001001100001 0
-nan 1,255,10001001100101111010011 0

x1 = 1 11111111 01000000101101010001111, 255
x2 = 1 11111111 00101000011011011110000, 255
-nan 1,255,11000000101101010001111 0
-nan 1,255,10101000011011011110000 0

x1 = 1 11111111 01010110111101010001011, 255
x2 = 1 11111111 01011010001011010001111, 255
-nan 1,255,11010110111101010001011 0
-nan 1,255,11011010001011010001111 0

x1 = 1 11111111 00001101100110011101101, 255
x2 = 1 11111111 00000000000000000000001, 255
-nan 1,255,10001101100110011101101 0
-nan 1,255,10000000000000000000001 0

x1 = 1 11111111 00100011110001001100011, 255
x2 = 1 11111111 00000000000000000000010, 255
-nan 1,255,10100011110001001100011 0
-nan 1,255,10000000000000000000010 0

x1 = 1 11111111 01011100101110100101100, 255
x2 = 1 11111111 01110000000000000000000, 255
-nan 1,255,11011100101110100101100 0
-nan 1,255,11110000000000000000000 0

x1 = 1 11111111 00110110000001111011110, 255
x2 = 1 11111111 10000000000000000000000, 255
-nan 1,255,10110110000001111011110 0
-nan 1,255,10000000000000000000000 0

x1 = 1 11111111 00111010101110011101110, 255
x2 = 1 11111111 10111111111111111111111, 255
-nan 1,255,10111010101110011101110 0
-nan 1,255,10111111111111111111111 0

x1 = 1 11111111 00110110111001110111100, 255
x2 = 1 11111111 11111111111111111111111, 255
-nan 1,255,10110110111001110111100 0
-nan 1,255,11111111111111111111111 0

x1 = 1 11111111 01010010000011001111011, 255
x2 = 1 11111111 01001000010100111011100, 255
-nan 1,255,11010010000011001111011 0
-nan 1,255,11001000010100111011100 0

x1 = 1 11111111 00011010101011000011111, 255
x2 = 1 11111111 00101110110001110100111, 255
-nan 1,255,10011010101011000011111 0
-nan 1,255,10101110110001110100111 0

x1 = 1 11111111 00111110010110110111010, 255
x2 = 1 11111111 01010101011001100001110, 255
-nan 1,255,10111110010110110111010 0
-nan 1,255,11010101011001100001110 0

end of checking module fsub
$finish called at time : 52898 us : File "/home/nhsmt1123/Documents/cpu/fpu/fsub/test_fsub.sv" Line 159
run: Time (s): cpu = 00:00:00.03 ; elapsed = 00:01:29 . Memory (MB): peak = 1415.000 ; gain = 0.000 ; free physical = 6861 ; free virtual = 14143
exit
INFO: [Common 17-206] Exiting xsim at Mon Oct  7 00:43:07 2019...
