
*** Running vivado
    with args -log design_1_c_shift_ram_0_1.vds -m64 -product Vivado -mode batch -messageDb vivado.pb -notrace -source design_1_c_shift_ram_0_1.tcl


****** Vivado v2018.3 (64-bit)
  **** SW Build 2405991 on Thu Dec  6 23:36:41 MST 2018
  **** IP Build 2404404 on Fri Dec  7 01:43:56 MST 2018
    ** Copyright 1986-2018 Xilinx, Inc. All Rights Reserved.

Sourcing tcl script '/home/tansei/.Xilinx/Vivado/Vivado_init.tcl'
source design_1_c_shift_ram_0_1.tcl -notrace
Command: synth_design -top design_1_c_shift_ram_0_1 -part xc7a35ticsg324-1L -mode out_of_context
Starting synth_design
Attempting to get a license for feature 'Synthesis' and/or device 'xc7a35ti'
INFO: [Common 17-349] Got license for feature 'Synthesis' and/or device 'xc7a35ti'
INFO: Launching helper process for spawning children vivado processes
INFO: Helper process launched with PID 29618 
---------------------------------------------------------------------------------
Starting RTL Elaboration : Time (s): cpu = 00:00:03 ; elapsed = 00:00:05 . Memory (MB): peak = 1403.941 ; gain = 78.895 ; free physical = 2055 ; free virtual = 25593
---------------------------------------------------------------------------------
INFO: [Synth 8-638] synthesizing module 'design_1_c_shift_ram_0_1' [/home/tansei/Desktop/hw/0606/0606-1/kadai1/kadai1.srcs/sources_1/bd/design_1/ip/design_1_c_shift_ram_0_1/synth/design_1_c_shift_ram_0_1.vhd:67]
	Parameter C_XDEVICEFAMILY bound to: artix7 - type: string 
	Parameter C_VERBOSITY bound to: 0 - type: integer 
	Parameter C_WIDTH bound to: 32 - type: integer 
	Parameter C_DEPTH bound to: 16 - type: integer 
	Parameter C_ADDR_WIDTH bound to: 4 - type: integer 
	Parameter C_SHIFT_TYPE bound to: 0 - type: integer 
	Parameter C_OPT_GOAL bound to: 0 - type: integer 
	Parameter C_AINIT_VAL bound to: 00000000000000000000000000000000 - type: string 
	Parameter C_SINIT_VAL bound to: 00000000000000000000000000000000 - type: string 
	Parameter C_DEFAULT_DATA bound to: 00000000000000000000000000000000 - type: string 
	Parameter C_HAS_A bound to: 0 - type: integer 
	Parameter C_HAS_CE bound to: 0 - type: integer 
	Parameter C_REG_LAST_BIT bound to: 1 - type: integer 
	Parameter C_SYNC_PRIORITY bound to: 1 - type: integer 
	Parameter C_SYNC_ENABLE bound to: 0 - type: integer 
	Parameter C_HAS_SCLR bound to: 0 - type: integer 
	Parameter C_HAS_SSET bound to: 0 - type: integer 
	Parameter C_HAS_SINIT bound to: 0 - type: integer 
	Parameter C_MEM_INIT_FILE bound to: no_coe_file_loaded - type: string 
	Parameter C_ELABORATION_DIR bound to: ./ - type: string 
	Parameter C_READ_MIF bound to: 0 - type: integer 
	Parameter C_PARSER_TYPE bound to: 0 - type: integer 
INFO: [Synth 8-3491] module 'c_shift_ram_v12_0_12' declared at '/home/tansei/Desktop/hw/0606/0606-1/kadai1/kadai1.srcs/sources_1/bd/design_1/ipshared/a9d0/hdl/c_shift_ram_v12_0_vh_rfs.vhd:2590' bound to instance 'U0' of component 'c_shift_ram_v12_0_12' [/home/tansei/Desktop/hw/0606/0606-1/kadai1/kadai1.srcs/sources_1/bd/design_1/ip/design_1_c_shift_ram_0_1/synth/design_1_c_shift_ram_0_1.vhd:122]
INFO: [Synth 8-256] done synthesizing module 'design_1_c_shift_ram_0_1' (4#1) [/home/tansei/Desktop/hw/0606/0606-1/kadai1/kadai1.srcs/sources_1/bd/design_1/ip/design_1_c_shift_ram_0_1/synth/design_1_c_shift_ram_0_1.vhd:67]
WARNING: [Synth 8-3331] design c_shift_ram_v12_0_12_legacy has unconnected port a[3]
WARNING: [Synth 8-3331] design c_shift_ram_v12_0_12_legacy has unconnected port a[2]
WARNING: [Synth 8-3331] design c_shift_ram_v12_0_12_legacy has unconnected port a[1]
WARNING: [Synth 8-3331] design c_shift_ram_v12_0_12_legacy has unconnected port a[0]
WARNING: [Synth 8-3331] design c_shift_ram_v12_0_12_legacy has unconnected port ce
WARNING: [Synth 8-3331] design c_shift_ram_v12_0_12_legacy has unconnected port aclr
WARNING: [Synth 8-3331] design c_shift_ram_v12_0_12_legacy has unconnected port aset
WARNING: [Synth 8-3331] design c_shift_ram_v12_0_12_legacy has unconnected port ainit
WARNING: [Synth 8-3331] design c_shift_ram_v12_0_12_legacy has unconnected port sclr
WARNING: [Synth 8-3331] design c_shift_ram_v12_0_12_legacy has unconnected port sset
WARNING: [Synth 8-3331] design c_shift_ram_v12_0_12_legacy has unconnected port sinit
---------------------------------------------------------------------------------
Finished RTL Elaboration : Time (s): cpu = 00:00:05 ; elapsed = 00:00:08 . Memory (MB): peak = 1458.691 ; gain = 133.645 ; free physical = 2131 ; free virtual = 25670
---------------------------------------------------------------------------------

Report Check Netlist: 
+------+------------------+-------+---------+-------+------------------+
|      |Item              |Errors |Warnings |Status |Description       |
+------+------------------+-------+---------+-------+------------------+
|1     |multi_driven_nets |      0|        0|Passed |Multi driven nets |
+------+------------------+-------+---------+-------+------------------+
---------------------------------------------------------------------------------
Start Handling Custom Attributes
---------------------------------------------------------------------------------
---------------------------------------------------------------------------------
Finished Handling Custom Attributes : Time (s): cpu = 00:00:05 ; elapsed = 00:00:08 . Memory (MB): peak = 1458.691 ; gain = 133.645 ; free physical = 2132 ; free virtual = 25672
---------------------------------------------------------------------------------
---------------------------------------------------------------------------------
Finished RTL Optimization Phase 1 : Time (s): cpu = 00:00:05 ; elapsed = 00:00:08 . Memory (MB): peak = 1458.691 ; gain = 133.645 ; free physical = 2132 ; free virtual = 25672
---------------------------------------------------------------------------------
INFO: [Device 21-403] Loading part xc7a35ticsg324-1L
INFO: [Project 1-570] Preparing netlist for logic optimization

Processing XDC Constraints
Initializing timing engine
Parsing XDC File [/home/tansei/Desktop/hw/0606/0606-1/kadai1/kadai1.srcs/sources_1/bd/design_1/ip/design_1_c_shift_ram_0_1/design_1_c_shift_ram_0_1_ooc.xdc] for cell 'U0'
Finished Parsing XDC File [/home/tansei/Desktop/hw/0606/0606-1/kadai1/kadai1.srcs/sources_1/bd/design_1/ip/design_1_c_shift_ram_0_1/design_1_c_shift_ram_0_1_ooc.xdc] for cell 'U0'
Parsing XDC File [/home/tansei/Desktop/hw/0606/0606-1/kadai1/kadai1.runs/design_1_c_shift_ram_0_1_synth_1/dont_touch.xdc]
Finished Parsing XDC File [/home/tansei/Desktop/hw/0606/0606-1/kadai1/kadai1.runs/design_1_c_shift_ram_0_1_synth_1/dont_touch.xdc]
Completed Processing XDC Constraints

Netlist sorting complete. Time (s): cpu = 00:00:00 ; elapsed = 00:00:00 . Memory (MB): peak = 1773.211 ; gain = 0.000 ; free physical = 1783 ; free virtual = 25327
INFO: [Project 1-111] Unisim Transformation Summary:
No Unisim elements were transformed.

Netlist sorting complete. Time (s): cpu = 00:00:00 ; elapsed = 00:00:00 . Memory (MB): peak = 1773.211 ; gain = 0.000 ; free physical = 1782 ; free virtual = 25327
Constraint Validation Runtime : Time (s): cpu = 00:00:00.02 ; elapsed = 00:00:00.02 . Memory (MB): peak = 1773.211 ; gain = 0.000 ; free physical = 1783 ; free virtual = 25327
---------------------------------------------------------------------------------
Finished Constraint Validation : Time (s): cpu = 00:00:10 ; elapsed = 00:00:18 . Memory (MB): peak = 1773.211 ; gain = 448.164 ; free physical = 1685 ; free virtual = 25236
---------------------------------------------------------------------------------
---------------------------------------------------------------------------------
Start Loading Part and Timing Information
---------------------------------------------------------------------------------
Loading part: xc7a35ticsg324-1L
---------------------------------------------------------------------------------
Finished Loading Part and Timing Information : Time (s): cpu = 00:00:10 ; elapsed = 00:00:18 . Memory (MB): peak = 1773.211 ; gain = 448.164 ; free physical = 1684 ; free virtual = 25236
---------------------------------------------------------------------------------
---------------------------------------------------------------------------------
Start Applying 'set_property' XDC Constraints
---------------------------------------------------------------------------------
Applied set_property DONT_TOUCH = true for U0. (constraint file  /home/tansei/Desktop/hw/0606/0606-1/kadai1/kadai1.runs/design_1_c_shift_ram_0_1_synth_1/dont_touch.xdc, line 9).
---------------------------------------------------------------------------------
Finished applying 'set_property' XDC Constraints : Time (s): cpu = 00:00:10 ; elapsed = 00:00:18 . Memory (MB): peak = 1773.211 ; gain = 448.164 ; free physical = 1681 ; free virtual = 25233
---------------------------------------------------------------------------------
---------------------------------------------------------------------------------
Finished RTL Optimization Phase 2 : Time (s): cpu = 00:00:10 ; elapsed = 00:00:18 . Memory (MB): peak = 1773.211 ; gain = 448.164 ; free physical = 1645 ; free virtual = 25196
---------------------------------------------------------------------------------

Report RTL Partitions: 
+-+--------------+------------+----------+
| |RTL Partition |Replication |Instances |
+-+--------------+------------+----------+
+-+--------------+------------+----------+
---------------------------------------------------------------------------------
Start RTL Component Statistics 
---------------------------------------------------------------------------------
---------------------------------------------------------------------------------
Finished RTL Component Statistics 
---------------------------------------------------------------------------------
---------------------------------------------------------------------------------
Start RTL Hierarchical Component Statistics 
---------------------------------------------------------------------------------
---------------------------------------------------------------------------------
Finished RTL Hierarchical Component Statistics
---------------------------------------------------------------------------------
---------------------------------------------------------------------------------
Start Part Resource Summary
---------------------------------------------------------------------------------
Part Resources:
DSPs: 90 (col length:60)
BRAMs: 100 (col length: RAMB18 60 RAMB36 30)
---------------------------------------------------------------------------------
Finished Part Resource Summary
---------------------------------------------------------------------------------
---------------------------------------------------------------------------------
Start Cross Boundary and Area Optimization
---------------------------------------------------------------------------------
Warning: Parallel synthesis criteria is not met 
WARNING: [Synth 8-3331] design c_shift_ram_v12_0_12_legacy has unconnected port a[3]
WARNING: [Synth 8-3331] design c_shift_ram_v12_0_12_legacy has unconnected port a[2]
WARNING: [Synth 8-3331] design c_shift_ram_v12_0_12_legacy has unconnected port a[1]
WARNING: [Synth 8-3331] design c_shift_ram_v12_0_12_legacy has unconnected port a[0]
WARNING: [Synth 8-3331] design c_shift_ram_v12_0_12_legacy has unconnected port ce
WARNING: [Synth 8-3331] design c_shift_ram_v12_0_12_legacy has unconnected port aclr
WARNING: [Synth 8-3331] design c_shift_ram_v12_0_12_legacy has unconnected port aset
WARNING: [Synth 8-3331] design c_shift_ram_v12_0_12_legacy has unconnected port ainit
WARNING: [Synth 8-3331] design c_shift_ram_v12_0_12_legacy has unconnected port sclr
WARNING: [Synth 8-3331] design c_shift_ram_v12_0_12_legacy has unconnected port sset
WARNING: [Synth 8-3331] design c_shift_ram_v12_0_12_legacy has unconnected port sinit
---------------------------------------------------------------------------------
Finished Cross Boundary and Area Optimization : Time (s): cpu = 00:00:11 ; elapsed = 00:00:18 . Memory (MB): peak = 1773.211 ; gain = 448.164 ; free physical = 1627 ; free virtual = 25179
---------------------------------------------------------------------------------

Report RTL Partitions: 
+-+--------------+------------+----------+
| |RTL Partition |Replication |Instances |
+-+--------------+------------+----------+
+-+--------------+------------+----------+
---------------------------------------------------------------------------------
Start Applying XDC Timing Constraints
---------------------------------------------------------------------------------
---------------------------------------------------------------------------------
Finished Applying XDC Timing Constraints : Time (s): cpu = 00:00:19 ; elapsed = 00:00:27 . Memory (MB): peak = 1773.211 ; gain = 448.164 ; free physical = 1276 ; free virtual = 24821
---------------------------------------------------------------------------------
---------------------------------------------------------------------------------
Start Timing Optimization
---------------------------------------------------------------------------------
---------------------------------------------------------------------------------
Finished Timing Optimization : Time (s): cpu = 00:00:19 ; elapsed = 00:00:27 . Memory (MB): peak = 1773.211 ; gain = 448.164 ; free physical = 1275 ; free virtual = 24820
---------------------------------------------------------------------------------

Report RTL Partitions: 
+-+--------------+------------+----------+
| |RTL Partition |Replication |Instances |
+-+--------------+------------+----------+
+-+--------------+------------+----------+
---------------------------------------------------------------------------------
Start Technology Mapping
---------------------------------------------------------------------------------
---------------------------------------------------------------------------------
Finished Technology Mapping : Time (s): cpu = 00:00:19 ; elapsed = 00:00:27 . Memory (MB): peak = 1773.211 ; gain = 448.164 ; free physical = 1274 ; free virtual = 24820
---------------------------------------------------------------------------------

Report RTL Partitions: 
+-+--------------+------------+----------+
| |RTL Partition |Replication |Instances |
+-+--------------+------------+----------+
+-+--------------+------------+----------+
---------------------------------------------------------------------------------
Start IO Insertion
---------------------------------------------------------------------------------
---------------------------------------------------------------------------------
Start Flattening Before IO Insertion
---------------------------------------------------------------------------------
---------------------------------------------------------------------------------
Finished Flattening Before IO Insertion
---------------------------------------------------------------------------------
---------------------------------------------------------------------------------
Start Final Netlist Cleanup
---------------------------------------------------------------------------------
---------------------------------------------------------------------------------
Finished Final Netlist Cleanup
---------------------------------------------------------------------------------
---------------------------------------------------------------------------------
Finished IO Insertion : Time (s): cpu = 00:00:20 ; elapsed = 00:00:28 . Memory (MB): peak = 1773.211 ; gain = 448.164 ; free physical = 1259 ; free virtual = 24806
---------------------------------------------------------------------------------

Report Check Netlist: 
+------+------------------+-------+---------+-------+------------------+
|      |Item              |Errors |Warnings |Status |Description       |
+------+------------------+-------+---------+-------+------------------+
|1     |multi_driven_nets |      0|        0|Passed |Multi driven nets |
+------+------------------+-------+---------+-------+------------------+
---------------------------------------------------------------------------------
Start Renaming Generated Instances
---------------------------------------------------------------------------------
---------------------------------------------------------------------------------
Finished Renaming Generated Instances : Time (s): cpu = 00:00:20 ; elapsed = 00:00:28 . Memory (MB): peak = 1773.211 ; gain = 448.164 ; free physical = 1259 ; free virtual = 24806
---------------------------------------------------------------------------------

Report RTL Partitions: 
+-+--------------+------------+----------+
| |RTL Partition |Replication |Instances |
+-+--------------+------------+----------+
+-+--------------+------------+----------+
---------------------------------------------------------------------------------
Start Rebuilding User Hierarchy
---------------------------------------------------------------------------------
---------------------------------------------------------------------------------
Finished Rebuilding User Hierarchy : Time (s): cpu = 00:00:20 ; elapsed = 00:00:28 . Memory (MB): peak = 1773.211 ; gain = 448.164 ; free physical = 1258 ; free virtual = 24806
---------------------------------------------------------------------------------
---------------------------------------------------------------------------------
Start Renaming Generated Ports
---------------------------------------------------------------------------------
---------------------------------------------------------------------------------
Finished Renaming Generated Ports : Time (s): cpu = 00:00:20 ; elapsed = 00:00:28 . Memory (MB): peak = 1773.211 ; gain = 448.164 ; free physical = 1258 ; free virtual = 24806
---------------------------------------------------------------------------------
---------------------------------------------------------------------------------
Start Handling Custom Attributes
---------------------------------------------------------------------------------
---------------------------------------------------------------------------------
Finished Handling Custom Attributes : Time (s): cpu = 00:00:20 ; elapsed = 00:00:28 . Memory (MB): peak = 1773.211 ; gain = 448.164 ; free physical = 1252 ; free virtual = 24799
---------------------------------------------------------------------------------
---------------------------------------------------------------------------------
Start Renaming Generated Nets
---------------------------------------------------------------------------------
---------------------------------------------------------------------------------
Finished Renaming Generated Nets : Time (s): cpu = 00:00:20 ; elapsed = 00:00:28 . Memory (MB): peak = 1773.211 ; gain = 448.164 ; free physical = 1248 ; free virtual = 24796
---------------------------------------------------------------------------------
---------------------------------------------------------------------------------
Start Writing Synthesis Report
---------------------------------------------------------------------------------

Report BlackBoxes: 
+-+--------------+----------+
| |BlackBox name |Instances |
+-+--------------+----------+
+-+--------------+----------+

Report Cell Usage: 
+------+-------+------+
|      |Cell   |Count |
+------+-------+------+
|1     |SRL16E |    32|
|2     |FDRE   |    64|
+------+-------+------+
---------------------------------------------------------------------------------
Finished Writing Synthesis Report : Time (s): cpu = 00:00:20 ; elapsed = 00:00:28 . Memory (MB): peak = 1773.211 ; gain = 448.164 ; free physical = 1248 ; free virtual = 24796
---------------------------------------------------------------------------------
Synthesis finished with 0 errors, 0 critical warnings and 11 warnings.
Synthesis Optimization Runtime : Time (s): cpu = 00:00:17 ; elapsed = 00:00:21 . Memory (MB): peak = 1773.211 ; gain = 133.645 ; free physical = 1283 ; free virtual = 24830
Synthesis Optimization Complete : Time (s): cpu = 00:00:20 ; elapsed = 00:00:28 . Memory (MB): peak = 1773.219 ; gain = 448.164 ; free physical = 1283 ; free virtual = 24830
INFO: [Project 1-571] Translating synthesized netlist
INFO: [Project 1-570] Preparing netlist for logic optimization
INFO: [Opt 31-138] Pushed 0 inverter(s) to 0 load pin(s).
Netlist sorting complete. Time (s): cpu = 00:00:00 ; elapsed = 00:00:00 . Memory (MB): peak = 1773.219 ; gain = 0.000 ; free physical = 1214 ; free virtual = 24762
INFO: [Project 1-111] Unisim Transformation Summary:
No Unisim elements were transformed.

INFO: [Common 17-83] Releasing license: Synthesis
12 Infos, 22 Warnings, 0 Critical Warnings and 0 Errors encountered.
synth_design completed successfully
synth_design: Time (s): cpu = 00:00:22 ; elapsed = 00:00:29 . Memory (MB): peak = 1773.219 ; gain = 448.277 ; free physical = 1261 ; free virtual = 24808
Netlist sorting complete. Time (s): cpu = 00:00:00 ; elapsed = 00:00:00 . Memory (MB): peak = 1773.219 ; gain = 0.000 ; free physical = 1261 ; free virtual = 24808
WARNING: [Constraints 18-5210] No constraints selected for write.
Resolution: This message can indicate that there are no constraints for the design, or it can indicate that the used_in flags are set such that the constraints are ignored. This later case is used when running synth_design to not write synthesis constraints to the resulting checkpoint. Instead, project constraints are read when the synthesized design is opened.
INFO: [Common 17-1381] The checkpoint '/home/tansei/Desktop/hw/0606/0606-1/kadai1/kadai1.runs/design_1_c_shift_ram_0_1_synth_1/design_1_c_shift_ram_0_1.dcp' has been generated.
INFO: [Coretcl 2-1648] Added synthesis output to IP cache for IP design_1_c_shift_ram_0_1, cache-ID = 158a55135a7c87e7
INFO: [Coretcl 2-1174] Renamed 3 cell refs.
Netlist sorting complete. Time (s): cpu = 00:00:00 ; elapsed = 00:00:00 . Memory (MB): peak = 1773.219 ; gain = 0.000 ; free physical = 1168 ; free virtual = 24716
WARNING: [Constraints 18-5210] No constraints selected for write.
Resolution: This message can indicate that there are no constraints for the design, or it can indicate that the used_in flags are set such that the constraints are ignored. This later case is used when running synth_design to not write synthesis constraints to the resulting checkpoint. Instead, project constraints are read when the synthesized design is opened.
INFO: [Common 17-1381] The checkpoint '/home/tansei/Desktop/hw/0606/0606-1/kadai1/kadai1.runs/design_1_c_shift_ram_0_1_synth_1/design_1_c_shift_ram_0_1.dcp' has been generated.
INFO: [runtcl-4] Executing : report_utilization -file design_1_c_shift_ram_0_1_utilization_synth.rpt -pb design_1_c_shift_ram_0_1_utilization_synth.pb
INFO: [Common 17-206] Exiting Vivado at Sat Jun  8 00:21:27 2019...
